[0203/151417.427:ERROR:audio_rtp_receiver.cc(89)] AudioRtpReceiver::OnSetVolume: No audio channel exists.
[0203/151417.428:WARNING:used_ids.h(55)] Duplicate id found. Reassigning from 104 to 127
[0203/151417.428:WARNING:used_ids.h(55)] Duplicate id found. Reassigning from 102 to 125
[0203/151417.428:WARNING:used_ids.h(55)] Duplicate id found. Reassigning from 104 to 124
[0203/151417.428:WARNING:used_ids.h(55)] Duplicate id found. Reassigning from 106 to 123
[0203/151417.428:WARNING:used_ids.h(55)] Duplicate id found. Reassigning from 103 to 122
[0203/151417.428:WARNING:used_ids.h(55)] Duplicate id found. Reassigning from 105 to 121
[0203/151417.428:WARNING:used_ids.h(55)] Duplicate id found. Reassigning from 109 to 120
[0203/151417.428:WARNING:used_ids.h(55)] Duplicate id found. Reassigning from 1 to 14
[0203/151417.428:WARNING:used_ids.h(55)] Duplicate id found. Reassigning from 3 to 13
[0203/151417.428:WARNING:used_ids.h(55)] Duplicate id found. Reassigning from 5 to 12
[0203/151417.428:WARNING:used_ids.h(55)] Duplicate id found. Reassigning from 6 to 11
[0203/151442.454:ERROR:audio_rtp_receiver.cc(89)] AudioRtpReceiver::OnSetVolume: No audio channel exists.
[0203/151442.454:WARNING:used_ids.h(55)] Duplicate id found. Reassigning from 104 to 127
[0203/151442.454:WARNING:used_ids.h(55)] Duplicate id found. Reassigning from 102 to 125
[0203/151442.454:WARNING:used_ids.h(55)] Duplicate id found. Reassigning from 104 to 124
[0203/151442.454:WARNING:used_ids.h(55)] Duplicate id found. Reassigning from 106 to 123
[0203/151442.454:WARNING:used_ids.h(55)] Duplicate id found. Reassigning from 103 to 122
[0203/151442.454:WARNING:used_ids.h(55)] Duplicate id found. Reassigning from 105 to 121
[0203/151442.454:WARNING:used_ids.h(55)] Duplicate id found. Reassigning from 109 to 120
[0203/151442.454:WARNING:used_ids.h(55)] Duplicate id found. Reassigning from 1 to 14
[0203/151442.454:WARNING:used_ids.h(55)] Duplicate id found. Reassigning from 3 to 13
[0203/151442.454:WARNING:used_ids.h(55)] Duplicate id found. Reassigning from 5 to 12
[0203/151442.454:WARNING:used_ids.h(55)] Duplicate id found. Reassigning from 6 to 11
[0203/151448.012:ERROR:audio_rtp_receiver.cc(89)] AudioRtpReceiver::OnSetVolume: No audio channel exists.
[0203/151448.012:WARNING:used_ids.h(55)] Duplicate id found. Reassigning from 104 to 127
[0203/151448.012:WARNING:used_ids.h(55)] Duplicate id found. Reassigning from 102 to 125
[0203/151448.012:WARNING:used_ids.h(55)] Duplicate id found. Reassigning from 104 to 124
[0203/151448.012:WARNING:used_ids.h(55)] Duplicate id found. Reassigning from 106 to 123
[0203/151448.012:WARNING:used_ids.h(55)] Duplicate id found. Reassigning from 103 to 122
[0203/151448.012:WARNING:used_ids.h(55)] Duplicate id found. Reassigning from 105 to 121
[0203/151448.012:WARNING:used_ids.h(55)] Duplicate id found. Reassigning from 109 to 120
[0203/151448.012:WARNING:used_ids.h(55)] Duplicate id found. Reassigning from 1 to 14
[0203/151448.012:WARNING:used_ids.h(55)] Duplicate id found. Reassigning from 3 to 13
[0203/151448.012:WARNING:used_ids.h(55)] Duplicate id found. Reassigning from 5 to 12
[0203/151448.012:WARNING:used_ids.h(55)] Duplicate id found. Reassigning from 6 to 11
[0203/151453.372:ERROR:batching_media_log.cc(38)] MediaEvent: {"error":"FFmpegDemuxer: no supported streams"}
[0203/151453.372:ERROR:batching_media_log.cc(35)] MediaEvent: {"pipeline_error":14}
[0203/151454.266:ERROR:batching_media_log.cc(38)] MediaEvent: {"error":"FFmpegDemuxer: no supported streams"}
[0203/151454.266:ERROR:batching_media_log.cc(35)] MediaEvent: {"pipeline_error":14}
[0203/151627.315:ERROR:display_layout.cc(562)] PlacementList must be sorted by first 8 bits of display_id 
[0203/151725.591:ERROR:display_layout.cc(562)] PlacementList must be sorted by first 8 bits of display_id 
[0203/151740.640:ERROR:display_layout.cc(562)] PlacementList must be sorted by first 8 bits of display_id 
[0203/151821.498:ERROR:display_layout.cc(562)] PlacementList must be sorted by first 8 bits of display_id 
[0203/151834.133:ERROR:display_layout.cc(562)] PlacementList must be sorted by first 8 bits of display_id 
[0203/151902.056:ERROR:display_layout.cc(562)] PlacementList must be sorted by first 8 bits of display_id 
